<?xml version="1.0" encoding="UTF-8"?>
<!-- Generated by org.testng.reporters.JUnitReportReporter -->
<testsuite skipped="0" hostname="DESKTOP-NBQPCTP" name="VT.Login" tests="1" failures="0" timestamp="2021-03-15T13:48:54 IST" time="0.023" errors="0">
  <testcase name="log" time="0.023" classname="VT.Login"/>
  <system-out/>
</testsuite> <!-- VT.Login -->
